/!\ FAILSAFE /!\  2013-05-02 15:00:54 -0300
  Status: 500 Internal Server Error
  no such file to load -- mysql
    /Users/wendell/.rvm/rubies/ruby-1.9.2-p320/lib/ruby/site_ruby/1.9.1/rubygems/custom_require.rb:36:in `require'
    /Users/wendell/.rvm/rubies/ruby-1.9.2-p320/lib/ruby/site_ruby/1.9.1/rubygems/custom_require.rb:36:in `require'
    /Users/wendell/.rvm/gems/ruby-1.9.2-p320@kendell/gems/activesupport-2.3.18/lib/active_support/dependencies.rb:184:in `require'
    /Users/wendell/.rvm/gems/ruby-1.9.2-p320@kendell/gems/activesupport-2.3.18/lib/active_support/core_ext/kernel/requires.rb:7:in `block in require_library_or_gem'
    /Users/wendell/.rvm/gems/ruby-1.9.2-p320@kendell/gems/activesupport-2.3.18/lib/active_support/core_ext/kernel/reporting.rb:11:in `silence_warnings'
    /Users/wendell/.rvm/gems/ruby-1.9.2-p320@kendell/gems/activesupport-2.3.18/lib/active_support/core_ext/kernel/requires.rb:5:in `require_library_or_gem'
    /Users/wendell/.rvm/gems/ruby-1.9.2-p320@kendell/gems/activerecord-2.3.18/lib/active_record/connection_adapters/mysql_adapter.rb:61:in `mysql_connection'
    /Users/wendell/.rvm/gems/ruby-1.9.2-p320@kendell/gems/activerecord-2.3.18/lib/active_record/connection_adapters/abstract/connection_pool.rb:223:in `new_connection'
    /Users/wendell/.rvm/gems/ruby-1.9.2-p320@kendell/gems/activerecord-2.3.18/lib/active_record/connection_adapters/abstract/connection_pool.rb:245:in `checkout_new_connection'
    /Users/wendell/.rvm/gems/ruby-1.9.2-p320@kendell/gems/activerecord-2.3.18/lib/active_record/connection_adapters/abstract/connection_pool.rb:188:in `block (2 levels) in checkout'
    /Users/wendell/.rvm/gems/ruby-1.9.2-p320@kendell/gems/activerecord-2.3.18/lib/active_record/connection_adapters/abstract/connection_pool.rb:184:in `loop'
    /Users/wendell/.rvm/gems/ruby-1.9.2-p320@kendell/gems/activerecord-2.3.18/lib/active_record/connection_adapters/abstract/connection_pool.rb:184:in `block in checkout'
    /Users/wendell/.rvm/rubies/ruby-1.9.2-p320/lib/ruby/1.9.1/monitor.rb:201:in `mon_synchronize'
    /Users/wendell/.rvm/gems/ruby-1.9.2-p320@kendell/gems/activerecord-2.3.18/lib/active_record/connection_adapters/abstract/connection_pool.rb:183:in `checkout'
    /Users/wendell/.rvm/gems/ruby-1.9.2-p320@kendell/gems/activerecord-2.3.18/lib/active_record/connection_adapters/abstract/connection_pool.rb:98:in `connection'
    /Users/wendell/.rvm/gems/ruby-1.9.2-p320@kendell/gems/activerecord-2.3.18/lib/active_record/connection_adapters/abstract/connection_pool.rb:326:in `retrieve_connection'
    /Users/wendell/.rvm/gems/ruby-1.9.2-p320@kendell/gems/activerecord-2.3.18/lib/active_record/connection_adapters/abstract/connection_specification.rb:123:in `retrieve_connection'
    /Users/wendell/.rvm/gems/ruby-1.9.2-p320@kendell/gems/activerecord-2.3.18/lib/active_record/connection_adapters/abstract/connection_specification.rb:115:in `connection'
    /Users/wendell/.rvm/gems/ruby-1.9.2-p320@kendell/gems/activerecord-2.3.18/lib/active_record/query_cache.rb:9:in `cache'
    /Users/wendell/.rvm/gems/ruby-1.9.2-p320@kendell/gems/activerecord-2.3.18/lib/active_record/query_cache.rb:28:in `call'
    /Users/wendell/.rvm/gems/ruby-1.9.2-p320@kendell/gems/activerecord-2.3.18/lib/active_record/connection_adapters/abstract/connection_pool.rb:361:in `call'
    /Users/wendell/.rvm/gems/ruby-1.9.2-p320@kendell/gems/warden-0.10.7/lib/warden/manager.rb:35:in `block in call'
    /Users/wendell/.rvm/gems/ruby-1.9.2-p320@kendell/gems/warden-0.10.7/lib/warden/manager.rb:34:in `catch'
    /Users/wendell/.rvm/gems/ruby-1.9.2-p320@kendell/gems/warden-0.10.7/lib/warden/manager.rb:34:in `call'
    /Users/wendell/.rvm/gems/ruby-1.9.2-p320@kendell/gems/actionpack-2.3.18/lib/action_controller/string_coercion.rb:25:in `call'
    /Users/wendell/.rvm/gems/ruby-1.9.2-p320@kendell/gems/rack-1.1.6/lib/rack/head.rb:9:in `call'
    /Users/wendell/.rvm/gems/ruby-1.9.2-p320@kendell/gems/rack-1.1.6/lib/rack/methodoverride.rb:24:in `call'
    /Users/wendell/.rvm/gems/ruby-1.9.2-p320@kendell/gems/actionpack-2.3.18/lib/action_controller/params_parser.rb:15:in `call'
    /Users/wendell/.rvm/gems/ruby-1.9.2-p320@kendell/gems/actionpack-2.3.18/lib/action_controller/session/cookie_store.rb:99:in `call'
    /Users/wendell/.rvm/gems/ruby-1.9.2-p320@kendell/gems/actionpack-2.3.18/lib/action_controller/failsafe.rb:26:in `call'
    /Users/wendell/.rvm/gems/ruby-1.9.2-p320@kendell/gems/rack-1.1.6/lib/rack/lock.rb:11:in `block in call'
    <internal:prelude>:10:in `synchronize'
    /Users/wendell/.rvm/gems/ruby-1.9.2-p320@kendell/gems/rack-1.1.6/lib/rack/lock.rb:11:in `call'
    /Users/wendell/.rvm/gems/ruby-1.9.2-p320@kendell/gems/actionpack-2.3.18/lib/action_controller/dispatcher.rb:106:in `call'
    /Users/wendell/.rvm/gems/ruby-1.9.2-p320@kendell/gems/rails-2.3.18/lib/rails/rack/static.rb:31:in `call'
    /Users/wendell/.rvm/gems/ruby-1.9.2-p320@kendell/gems/rack-1.1.6/lib/rack/urlmap.rb:47:in `block in call'
    /Users/wendell/.rvm/gems/ruby-1.9.2-p320@kendell/gems/rack-1.1.6/lib/rack/urlmap.rb:41:in `each'
    /Users/wendell/.rvm/gems/ruby-1.9.2-p320@kendell/gems/rack-1.1.6/lib/rack/urlmap.rb:41:in `call'
    /Users/wendell/.rvm/gems/ruby-1.9.2-p320@kendell/gems/rails-2.3.18/lib/rails/rack/log_tailer.rb:17:in `call'
    /Users/wendell/.rvm/gems/ruby-1.9.2-p320@kendell/gems/rack-1.1.6/lib/rack/content_length.rb:13:in `call'
    /Users/wendell/.rvm/gems/ruby-1.9.2-p320@kendell/gems/rack-1.1.6/lib/rack/handler/webrick.rb:48:in `service'
    /Users/wendell/.rvm/rubies/ruby-1.9.2-p320/lib/ruby/1.9.1/webrick/httpserver.rb:111:in `service'
    /Users/wendell/.rvm/rubies/ruby-1.9.2-p320/lib/ruby/1.9.1/webrick/httpserver.rb:70:in `run'
    /Users/wendell/.rvm/rubies/ruby-1.9.2-p320/lib/ruby/1.9.1/webrick/server.rb:183:in `block in start_thread'
/!\ FAILSAFE /!\  2013-05-02 15:00:57 -0300
  Status: 500 Internal Server Error
  no such file to load -- mysql
    /Users/wendell/.rvm/rubies/ruby-1.9.2-p320/lib/ruby/site_ruby/1.9.1/rubygems/custom_require.rb:36:in `require'
    /Users/wendell/.rvm/rubies/ruby-1.9.2-p320/lib/ruby/site_ruby/1.9.1/rubygems/custom_require.rb:36:in `require'
    /Users/wendell/.rvm/gems/ruby-1.9.2-p320@kendell/gems/activesupport-2.3.18/lib/active_support/dependencies.rb:184:in `require'
    /Users/wendell/.rvm/gems/ruby-1.9.2-p320@kendell/gems/activesupport-2.3.18/lib/active_support/core_ext/kernel/requires.rb:7:in `block in require_library_or_gem'
    /Users/wendell/.rvm/gems/ruby-1.9.2-p320@kendell/gems/activesupport-2.3.18/lib/active_support/core_ext/kernel/reporting.rb:11:in `silence_warnings'
    /Users/wendell/.rvm/gems/ruby-1.9.2-p320@kendell/gems/activesupport-2.3.18/lib/active_support/core_ext/kernel/requires.rb:5:in `require_library_or_gem'
    /Users/wendell/.rvm/gems/ruby-1.9.2-p320@kendell/gems/activerecord-2.3.18/lib/active_record/connection_adapters/mysql_adapter.rb:61:in `mysql_connection'
    /Users/wendell/.rvm/gems/ruby-1.9.2-p320@kendell/gems/activerecord-2.3.18/lib/active_record/connection_adapters/abstract/connection_pool.rb:223:in `new_connection'
    /Users/wendell/.rvm/gems/ruby-1.9.2-p320@kendell/gems/activerecord-2.3.18/lib/active_record/connection_adapters/abstract/connection_pool.rb:245:in `checkout_new_connection'
    /Users/wendell/.rvm/gems/ruby-1.9.2-p320@kendell/gems/activerecord-2.3.18/lib/active_record/connection_adapters/abstract/connection_pool.rb:188:in `block (2 levels) in checkout'
    /Users/wendell/.rvm/gems/ruby-1.9.2-p320@kendell/gems/activerecord-2.3.18/lib/active_record/connection_adapters/abstract/connection_pool.rb:184:in `loop'
    /Users/wendell/.rvm/gems/ruby-1.9.2-p320@kendell/gems/activerecord-2.3.18/lib/active_record/connection_adapters/abstract/connection_pool.rb:184:in `block in checkout'
    /Users/wendell/.rvm/rubies/ruby-1.9.2-p320/lib/ruby/1.9.1/monitor.rb:201:in `mon_synchronize'
    /Users/wendell/.rvm/gems/ruby-1.9.2-p320@kendell/gems/activerecord-2.3.18/lib/active_record/connection_adapters/abstract/connection_pool.rb:183:in `checkout'
    /Users/wendell/.rvm/gems/ruby-1.9.2-p320@kendell/gems/activerecord-2.3.18/lib/active_record/connection_adapters/abstract/connection_pool.rb:98:in `connection'
    /Users/wendell/.rvm/gems/ruby-1.9.2-p320@kendell/gems/activerecord-2.3.18/lib/active_record/connection_adapters/abstract/connection_pool.rb:326:in `retrieve_connection'
    /Users/wendell/.rvm/gems/ruby-1.9.2-p320@kendell/gems/activerecord-2.3.18/lib/active_record/connection_adapters/abstract/connection_specification.rb:123:in `retrieve_connection'
    /Users/wendell/.rvm/gems/ruby-1.9.2-p320@kendell/gems/activerecord-2.3.18/lib/active_record/connection_adapters/abstract/connection_specification.rb:115:in `connection'
    /Users/wendell/.rvm/gems/ruby-1.9.2-p320@kendell/gems/activerecord-2.3.18/lib/active_record/query_cache.rb:9:in `cache'
    /Users/wendell/.rvm/gems/ruby-1.9.2-p320@kendell/gems/activerecord-2.3.18/lib/active_record/query_cache.rb:28:in `call'
    /Users/wendell/.rvm/gems/ruby-1.9.2-p320@kendell/gems/activerecord-2.3.18/lib/active_record/connection_adapters/abstract/connection_pool.rb:361:in `call'
    /Users/wendell/.rvm/gems/ruby-1.9.2-p320@kendell/gems/warden-0.10.7/lib/warden/manager.rb:35:in `block in call'
    /Users/wendell/.rvm/gems/ruby-1.9.2-p320@kendell/gems/warden-0.10.7/lib/warden/manager.rb:34:in `catch'
    /Users/wendell/.rvm/gems/ruby-1.9.2-p320@kendell/gems/warden-0.10.7/lib/warden/manager.rb:34:in `call'
    /Users/wendell/.rvm/gems/ruby-1.9.2-p320@kendell/gems/actionpack-2.3.18/lib/action_controller/string_coercion.rb:25:in `call'
    /Users/wendell/.rvm/gems/ruby-1.9.2-p320@kendell/gems/rack-1.1.6/lib/rack/head.rb:9:in `call'
    /Users/wendell/.rvm/gems/ruby-1.9.2-p320@kendell/gems/rack-1.1.6/lib/rack/methodoverride.rb:24:in `call'
    /Users/wendell/.rvm/gems/ruby-1.9.2-p320@kendell/gems/actionpack-2.3.18/lib/action_controller/params_parser.rb:15:in `call'
    /Users/wendell/.rvm/gems/ruby-1.9.2-p320@kendell/gems/actionpack-2.3.18/lib/action_controller/session/cookie_store.rb:99:in `call'
    /Users/wendell/.rvm/gems/ruby-1.9.2-p320@kendell/gems/actionpack-2.3.18/lib/action_controller/failsafe.rb:26:in `call'
    /Users/wendell/.rvm/gems/ruby-1.9.2-p320@kendell/gems/rack-1.1.6/lib/rack/lock.rb:11:in `block in call'
    <internal:prelude>:10:in `synchronize'
    /Users/wendell/.rvm/gems/ruby-1.9.2-p320@kendell/gems/rack-1.1.6/lib/rack/lock.rb:11:in `call'
    /Users/wendell/.rvm/gems/ruby-1.9.2-p320@kendell/gems/actionpack-2.3.18/lib/action_controller/dispatcher.rb:106:in `call'
    /Users/wendell/.rvm/gems/ruby-1.9.2-p320@kendell/gems/rails-2.3.18/lib/rails/rack/static.rb:31:in `call'
    /Users/wendell/.rvm/gems/ruby-1.9.2-p320@kendell/gems/rack-1.1.6/lib/rack/urlmap.rb:47:in `block in call'
    /Users/wendell/.rvm/gems/ruby-1.9.2-p320@kendell/gems/rack-1.1.6/lib/rack/urlmap.rb:41:in `each'
    /Users/wendell/.rvm/gems/ruby-1.9.2-p320@kendell/gems/rack-1.1.6/lib/rack/urlmap.rb:41:in `call'
    /Users/wendell/.rvm/gems/ruby-1.9.2-p320@kendell/gems/rails-2.3.18/lib/rails/rack/log_tailer.rb:17:in `call'
    /Users/wendell/.rvm/gems/ruby-1.9.2-p320@kendell/gems/rack-1.1.6/lib/rack/content_length.rb:13:in `call'
    /Users/wendell/.rvm/gems/ruby-1.9.2-p320@kendell/gems/rack-1.1.6/lib/rack/handler/webrick.rb:48:in `service'
    /Users/wendell/.rvm/rubies/ruby-1.9.2-p320/lib/ruby/1.9.1/webrick/httpserver.rb:111:in `service'
    /Users/wendell/.rvm/rubies/ruby-1.9.2-p320/lib/ruby/1.9.1/webrick/httpserver.rb:70:in `run'
    /Users/wendell/.rvm/rubies/ruby-1.9.2-p320/lib/ruby/1.9.1/webrick/server.rb:183:in `block in start_thread'


Processing HomeController#index (for 127.0.0.1 at 2013-05-02 15:07:15) [GET]
DEPRECATION WARNING: Kernel#returning has been deprecated in favor of Object#tap. (called from parsed_path at /Users/wendell/.rvm/gems/ruby-1.9.2-p320@kendell/gems/devise-1.0.8/lib/devise/mapping.rb:99)


Processing SessionsController#new (for 127.0.0.1 at 2013-05-02 15:07:15) [GET]
  Parameters: {"unauthenticated"=>"true"}
Rendering template within layouts/application
Rendering sessions/new
Completed in 18ms (View: 12, DB: 2) | 200 OK [http://127.0.0.1/users/sign_in?unauthenticated=true]


Processing ProdutosController#index (for 127.0.0.1 at 2013-05-02 15:07:18) [GET]
DEPRECATION WARNING: Kernel#returning has been deprecated in favor of Object#tap. (called from parsed_path at /Users/wendell/.rvm/gems/ruby-1.9.2-p320@kendell/gems/devise-1.0.8/lib/devise/mapping.rb:99)


Processing SessionsController#new (for 127.0.0.1 at 2013-05-02 15:07:18) [GET]
  Parameters: {"unauthenticated"=>"true"}
Rendering template within layouts/application
Rendering sessions/new
Completed in 4ms (View: 3, DB: 0) | 200 OK [http://127.0.0.1/users/sign_in?unauthenticated=true]


Processing VendasController#index (for 127.0.0.1 at 2013-05-02 15:07:19) [GET]
DEPRECATION WARNING: Kernel#returning has been deprecated in favor of Object#tap. (called from parsed_path at /Users/wendell/.rvm/gems/ruby-1.9.2-p320@kendell/gems/devise-1.0.8/lib/devise/mapping.rb:99)


Processing SessionsController#new (for 127.0.0.1 at 2013-05-02 15:07:19) [GET]
  Parameters: {"unauthenticated"=>"true"}
Rendering template within layouts/application
Rendering sessions/new
Completed in 4ms (View: 3, DB: 0) | 200 OK [http://127.0.0.1/users/sign_in?unauthenticated=true]


Processing CargosController#index (for 127.0.0.1 at 2013-05-02 15:07:20) [GET]
DEPRECATION WARNING: Kernel#returning has been deprecated in favor of Object#tap. (called from parsed_path at /Users/wendell/.rvm/gems/ruby-1.9.2-p320@kendell/gems/devise-1.0.8/lib/devise/mapping.rb:99)


Processing SessionsController#new (for 127.0.0.1 at 2013-05-02 15:07:20) [GET]
  Parameters: {"unauthenticated"=>"true"}
Rendering template within layouts/application
Rendering sessions/new
Completed in 4ms (View: 3, DB: 0) | 200 OK [http://127.0.0.1/users/sign_in?unauthenticated=true]


Processing CategoriasController#index (for 127.0.0.1 at 2013-05-02 15:07:21) [GET]
DEPRECATION WARNING: Kernel#returning has been deprecated in favor of Object#tap. (called from parsed_path at /Users/wendell/.rvm/gems/ruby-1.9.2-p320@kendell/gems/devise-1.0.8/lib/devise/mapping.rb:99)


Processing SessionsController#new (for 127.0.0.1 at 2013-05-02 15:07:21) [GET]
  Parameters: {"unauthenticated"=>"true"}
Rendering template within layouts/application
Rendering sessions/new
Completed in 4ms (View: 3, DB: 0) | 200 OK [http://127.0.0.1/users/sign_in?unauthenticated=true]


Processing CidadesController#index (for 127.0.0.1 at 2013-05-02 15:07:21) [GET]
DEPRECATION WARNING: Kernel#returning has been deprecated in favor of Object#tap. (called from parsed_path at /Users/wendell/.rvm/gems/ruby-1.9.2-p320@kendell/gems/devise-1.0.8/lib/devise/mapping.rb:99)


Processing SessionsController#new (for 127.0.0.1 at 2013-05-02 15:07:21) [GET]
  Parameters: {"unauthenticated"=>"true"}
Rendering template within layouts/application
Rendering sessions/new
Completed in 4ms (View: 3, DB: 0) | 200 OK [http://127.0.0.1/users/sign_in?unauthenticated=true]


Processing SessionsController#create (for 127.0.0.1 at 2013-05-02 15:07:35) [POST]
  Parameters: {"authenticity_token"=>"peDHc9z+ZjJh82bHTJPCcPjWX0ZwYC+W08xbFOhuw+c=", "user"=>{"email"=>"wendbandeira@gmail.com", "password"=>"bandeira"}, "commit"=>"Entrar"}
Rendering template within layouts/application
Rendering sessions/new
Completed in 48ms (View: 3, DB: 38) | 200 OK [http://127.0.0.1/users/sign_in]


Processing SessionsController#new (for 127.0.0.1 at 2013-05-02 15:14:11) [GET]
Rendering template within layouts/application
Rendering sessions/new
Completed in 20ms (View: 12, DB: 3) | 200 OK [http://127.0.0.1/users/sign_in]


Processing SessionsController#create (for 127.0.0.1 at 2013-05-02 15:14:15) [POST]
  Parameters: {"authenticity_token"=>"peDHc9z+ZjJh82bHTJPCcPjWX0ZwYC+W08xbFOhuw+c=", "user"=>{"email"=>"wendbandeira@gmail.com", "password"=>"c4103du"}, "commit"=>"Entrar"}
Redirected to http://127.0.0.1:3000/cidades
Completed in 36ms (DB: 2) | 302 Found [http://127.0.0.1/users/sign_in]


Processing CidadesController#index (for 127.0.0.1 at 2013-05-02 15:14:15) [GET]
Rendering template within layouts/application
Rendering cidades/index
Completed in 7ms (View: 3, DB: 1) | 200 OK [http://127.0.0.1/cidades]


Processing HomeController#index (for 127.0.0.1 at 2013-05-02 15:14:23) [GET]
Rendering template within layouts/application
Rendering home/index
Completed in 8ms (View: 3, DB: 1) | 200 OK [http://127.0.0.1/]


Processing ClientesController#index (for 127.0.0.1 at 2013-05-02 15:14:25) [GET]
Rendering template within layouts/application
Rendering clientes/index
Completed in 9ms (View: 4, DB: 1) | 200 OK [http://127.0.0.1/clientes]


Processing ClientesController#new (for 127.0.0.1 at 2013-05-02 15:14:29) [GET]
Rendering template within layouts/application
Rendering clientes/new
Completed in 15ms (View: 10, DB: 2) | 200 OK [http://127.0.0.1/clientes/new]


Processing CidadesController#index (for 127.0.0.1 at 2013-05-02 15:14:41) [GET]
Rendering template within layouts/application
Rendering cidades/index
Completed in 35ms (View: 32, DB: 1) | 200 OK [http://127.0.0.1/cidades]


Processing CidadesController#new (for 127.0.0.1 at 2013-05-02 15:14:43) [GET]
Rendering template within layouts/application
Rendering cidades/new
Completed in 12ms (View: 6, DB: 3) | 200 OK [http://127.0.0.1/cidades/new]


Processing EstadosController#index (for 127.0.0.1 at 2013-05-02 15:14:48) [GET]
Rendering template within layouts/application
Rendering estados/index
Completed in 9ms (View: 3, DB: 1) | 200 OK [http://127.0.0.1/estados]


Processing FornecedoresController#index (for 127.0.0.1 at 2013-05-02 15:14:50) [GET]
Rendering template within layouts/application
Rendering fornecedores/index
Completed in 9ms (View: 3, DB: 1) | 200 OK [http://127.0.0.1/fornecedores]


Processing FornecedoresController#new (for 127.0.0.1 at 2013-05-02 15:14:53) [GET]
Rendering template within layouts/application
Rendering fornecedores/new
Completed in 16ms (View: 11, DB: 2) | 200 OK [http://127.0.0.1/fornecedores/new]


Processing SessionsController#destroy (for 127.0.0.1 at 2013-05-02 15:15:02) [GET]
Redirected to http://127.0.0.1:3000/
Completed in 3ms (DB: 1) | 302 Found [http://127.0.0.1/users/sign_out]


Processing HomeController#index (for 127.0.0.1 at 2013-05-02 15:15:02) [GET]
DEPRECATION WARNING: Kernel#returning has been deprecated in favor of Object#tap. (called from parsed_path at /Users/wendell/.rvm/gems/ruby-1.9.2-p320@kendell/gems/devise-1.0.8/lib/devise/mapping.rb:99)


Processing SessionsController#new (for 127.0.0.1 at 2013-05-02 15:15:02) [GET]
  Parameters: {"unauthenticated"=>"true"}
Rendering template within layouts/application
Rendering sessions/new
Completed in 4ms (View: 3, DB: 0) | 200 OK [http://127.0.0.1/users/sign_in?unauthenticated=true]


Processing SessionsController#create (for 127.0.0.1 at 2013-05-02 15:15:07) [POST]
  Parameters: {"authenticity_token"=>"peDHc9z+ZjJh82bHTJPCcPjWX0ZwYC+W08xbFOhuw+c=", "user"=>{"email"=>"wendbandeira@gmail.com", "password"=>"c4103du"}, "commit"=>"Entrar"}
Redirected to http://127.0.0.1:3000/
Completed in 5ms (DB: 2) | 302 Found [http://127.0.0.1/users/sign_in]


Processing HomeController#index (for 127.0.0.1 at 2013-05-02 15:15:07) [GET]
Rendering template within layouts/application
Rendering home/index
Completed in 3ms (View: 2, DB: 0) | 200 OK [http://127.0.0.1/]


Processing HomeController#index (for 127.0.0.1 at 2013-05-02 15:15:12) [GET]
Rendering template within layouts/application
Rendering home/index
Completed in 37ms (View: 2, DB: 0) | 200 OK [http://127.0.0.1/]


Processing ProdutosController#index (for 127.0.0.1 at 2013-05-02 15:15:17) [GET]
Rendering template within layouts/application
Rendering produtos/index
Completed in 9ms (View: 3, DB: 1) | 200 OK [http://127.0.0.1/produtos]


Processing ProdutosController#new (for 127.0.0.1 at 2013-05-02 15:15:20) [GET]
Rendering template within layouts/application
Rendering produtos/new
Completed in 19ms (View: 13, DB: 3) | 200 OK [http://127.0.0.1/produtos/new]


Processing CargosController#index (for 127.0.0.1 at 2013-05-02 15:15:28) [GET]
Rendering template within layouts/application
Rendering cargos/index
Completed in 9ms (View: 3, DB: 1) | 200 OK [http://127.0.0.1/cargos]


Processing CategoriasController#index (for 127.0.0.1 at 2013-05-02 15:15:29) [GET]
Rendering template within layouts/application
Rendering categorias/index
Completed in 6ms (View: 3, DB: 1) | 200 OK [http://127.0.0.1/categorias]


Processing CidadesController#index (for 127.0.0.1 at 2013-05-02 15:15:30) [GET]
Rendering template within layouts/application
Rendering cidades/index
Completed in 4ms (View: 2, DB: 1) | 200 OK [http://127.0.0.1/cidades]


Processing EstadosController#index (for 127.0.0.1 at 2013-05-02 15:15:31) [GET]
Rendering template within layouts/application
Rendering estados/index
Completed in 6ms (View: 3, DB: 1) | 200 OK [http://127.0.0.1/estados]


Processing FornecedoresController#index (for 127.0.0.1 at 2013-05-02 15:15:32) [GET]
Rendering template within layouts/application
Rendering fornecedores/index
Completed in 4ms (View: 2, DB: 1) | 200 OK [http://127.0.0.1/fornecedores]


Processing FuncionariosController#index (for 127.0.0.1 at 2013-05-02 15:15:32) [GET]
Rendering template within layouts/application
Rendering funcionarios/index
Completed in 8ms (View: 3, DB: 1) | 200 OK [http://127.0.0.1/funcionarios]


Processing FuncionariosController#new (for 127.0.0.1 at 2013-05-02 15:15:35) [GET]
Rendering template within layouts/application
Rendering funcionarios/new
Completed in 18ms (View: 14, DB: 2) | 200 OK [http://127.0.0.1/funcionarios/new]


Processing FuncionariosController#create (for 127.0.0.1 at 2013-05-02 15:15:59) [POST]
  Parameters: {"authenticity_token"=>"peDHc9z+ZjJh82bHTJPCcPjWX0ZwYC+W08xbFOhuw+c=", "funcionario"=>{"nome"=>"Wendell Bandeira", "login"=>"wendbandeira", "senha"=>"c4103du", "endereco"=>"", "telefone"=>"", "data_entrada(1i)"=>"2013", "data_entrada(2i)"=>"5", "data_entrada(3i)"=>"2", "data_entrada(4i)"=>"18", "data_entrada(5i)"=>"15", "status"=>"1", "cargo_id"=>"", "cidade_id"=>""}, "commit"=>"Novo"}
Redirected to http://127.0.0.1:3000/funcionarios/1
Completed in 11ms (DB: 6) | 302 Found [http://127.0.0.1/funcionarios]


Processing FuncionariosController#show (for 127.0.0.1 at 2013-05-02 15:15:59) [GET]
  Parameters: {"id"=>"1"}
Rendering template within layouts/application
Rendering funcionarios/show

ActionView::TemplateError (undefined method `nome' for nil:NilClass) on line #38 of app/views/funcionarios/show.html.erb:
35: 
36: <p>
37:   <b>Cargo:</b>
38:   <%=h @funcionario.cargo.nome %>
39: </p>
40: 
41: <p>

    app/views/funcionarios/show.html.erb:38
    app/controllers/funcionarios_controller.rb:21:in `show'
    warden (0.10.7) lib/warden/manager.rb:35:in `block in call'
    warden (0.10.7) lib/warden/manager.rb:34:in `catch'
    warden (0.10.7) lib/warden/manager.rb:34:in `call'
    <internal:prelude>:10:in `synchronize'
    /Users/wendell/.rvm/rubies/ruby-1.9.2-p320/lib/ruby/1.9.1/webrick/httpserver.rb:111:in `service'
    /Users/wendell/.rvm/rubies/ruby-1.9.2-p320/lib/ruby/1.9.1/webrick/httpserver.rb:70:in `run'
    /Users/wendell/.rvm/rubies/ruby-1.9.2-p320/lib/ruby/1.9.1/webrick/server.rb:183:in `block in start_thread'

Rendering rescues/layout (internal_server_error)


Processing FuncionariosController#create (for 127.0.0.1 at 2013-05-02 15:16:13) [POST]
  Parameters: {"authenticity_token"=>"peDHc9z+ZjJh82bHTJPCcPjWX0ZwYC+W08xbFOhuw+c=", "funcionario"=>{"nome"=>"Wendell Bandeira", "login"=>"wendbandeira", "senha"=>"", "endereco"=>"", "telefone"=>"", "data_entrada(1i)"=>"2013", "data_entrada(2i)"=>"5", "data_entrada(3i)"=>"2", "data_entrada(4i)"=>"18", "data_entrada(5i)"=>"15", "status"=>"1", "cargo_id"=>"", "cidade_id"=>""}, "commit"=>"Novo"}
Redirected to http://127.0.0.1:3000/funcionarios/2
Completed in 9ms (DB: 2) | 302 Found [http://127.0.0.1/funcionarios]


Processing FuncionariosController#show (for 127.0.0.1 at 2013-05-02 15:16:13) [GET]
  Parameters: {"id"=>"2"}
Rendering template within layouts/application
Rendering funcionarios/show

ActionView::TemplateError (undefined method `nome' for nil:NilClass) on line #38 of app/views/funcionarios/show.html.erb:
35: 
36: <p>
37:   <b>Cargo:</b>
38:   <%=h @funcionario.cargo.nome %>
39: </p>
40: 
41: <p>

    app/views/funcionarios/show.html.erb:38
    app/controllers/funcionarios_controller.rb:21:in `show'
    warden (0.10.7) lib/warden/manager.rb:35:in `block in call'
    warden (0.10.7) lib/warden/manager.rb:34:in `catch'
    warden (0.10.7) lib/warden/manager.rb:34:in `call'
    <internal:prelude>:10:in `synchronize'
    /Users/wendell/.rvm/rubies/ruby-1.9.2-p320/lib/ruby/1.9.1/webrick/httpserver.rb:111:in `service'
    /Users/wendell/.rvm/rubies/ruby-1.9.2-p320/lib/ruby/1.9.1/webrick/httpserver.rb:70:in `run'
    /Users/wendell/.rvm/rubies/ruby-1.9.2-p320/lib/ruby/1.9.1/webrick/server.rb:183:in `block in start_thread'

Rendering rescues/layout (internal_server_error)


Processing FuncionariosController#show (for 127.0.0.1 at 2013-05-02 15:16:59) [GET]
  Parameters: {"id"=>"2"}
Rendering template within layouts/application
Rendering funcionarios/show

ActionView::TemplateError (undefined method `nome' for nil:NilClass) on line #43 of app/views/funcionarios/show.html.erb:
40: 
41: <p>
42:   <b>Cidade:</b>
43:   <%=h @funcionario.cidade.nome %>
44: </p>
45: 
46: 

    app/views/funcionarios/show.html.erb:43
    app/controllers/funcionarios_controller.rb:21:in `show'
    warden (0.10.7) lib/warden/manager.rb:35:in `block in call'
    warden (0.10.7) lib/warden/manager.rb:34:in `catch'
    warden (0.10.7) lib/warden/manager.rb:34:in `call'
    <internal:prelude>:10:in `synchronize'
    /Users/wendell/.rvm/rubies/ruby-1.9.2-p320/lib/ruby/1.9.1/webrick/httpserver.rb:111:in `service'
    /Users/wendell/.rvm/rubies/ruby-1.9.2-p320/lib/ruby/1.9.1/webrick/httpserver.rb:70:in `run'
    /Users/wendell/.rvm/rubies/ruby-1.9.2-p320/lib/ruby/1.9.1/webrick/server.rb:183:in `block in start_thread'

Rendering rescues/layout (internal_server_error)


Processing FuncionariosController#create (for 127.0.0.1 at 2013-05-02 15:27:56) [POST]
  Parameters: {"authenticity_token"=>"peDHc9z+ZjJh82bHTJPCcPjWX0ZwYC+W08xbFOhuw+c=", "funcionario"=>{"nome"=>"Wendell Bandeira", "login"=>"wendbandeira", "senha"=>"", "endereco"=>"", "telefone"=>"", "data_entrada(1i)"=>"2013", "data_entrada(2i)"=>"5", "data_entrada(3i)"=>"2", "data_entrada(4i)"=>"18", "data_entrada(5i)"=>"15", "status"=>"1", "cargo_id"=>"", "cidade_id"=>""}, "commit"=>"Novo"}
Redirected to http://127.0.0.1:3000/funcionarios/3
Completed in 64ms (DB: 44) | 302 Found [http://127.0.0.1/funcionarios]


Processing FuncionariosController#show (for 127.0.0.1 at 2013-05-02 15:27:56) [GET]
  Parameters: {"id"=>"3"}
Rendering template within layouts/application
Rendering funcionarios/show
Completed in 13ms (View: 11, DB: 1) | 200 OK [http://127.0.0.1/funcionarios/3]


Processing FuncionariosController#index (for 127.0.0.1 at 2013-05-02 15:28:41) [GET]
Rendering template within layouts/application
Rendering funcionarios/index

ActionView::TemplateError (undefined method `nome' for nil:NilClass) on line #25 of app/views/funcionarios/index.html.erb:
22:     <td><%=h funcionario.telefone %></td>
23:     <td><%=h funcionario.data_entrada %></td>
24:     <td><%=h funcionario.status %></td>
25:     <td><%=h funcionario.cargo.nome %></td>
26:     <td><%=h funcionario.cidade.nome %></td>
27:     <td><%= link_to 'Show', funcionario %></td>
28:     <td><%= link_to 'Edit', edit_funcionario_path(funcionario) %></td>

    app/views/funcionarios/index.html.erb:25:in `block in _run_erb_app47views47funcionarios47index46html46erb'
    app/views/funcionarios/index.html.erb:16:in `each'
    app/views/funcionarios/index.html.erb:16
    app/controllers/funcionarios_controller.rb:10:in `index'
    warden (0.10.7) lib/warden/manager.rb:35:in `block in call'
    warden (0.10.7) lib/warden/manager.rb:34:in `catch'
    warden (0.10.7) lib/warden/manager.rb:34:in `call'
    <internal:prelude>:10:in `synchronize'
    /Users/wendell/.rvm/rubies/ruby-1.9.2-p320/lib/ruby/1.9.1/webrick/httpserver.rb:111:in `service'
    /Users/wendell/.rvm/rubies/ruby-1.9.2-p320/lib/ruby/1.9.1/webrick/httpserver.rb:70:in `run'
    /Users/wendell/.rvm/rubies/ruby-1.9.2-p320/lib/ruby/1.9.1/webrick/server.rb:183:in `block in start_thread'

Rendering rescues/layout (internal_server_error)


Processing FuncionariosController#index (for 127.0.0.1 at 2013-05-02 15:32:05) [GET]
Rendering template within layouts/application
Rendering funcionarios/index

ActionView::TemplateError (undefined method `nome' for nil:NilClass) on line #25 of app/views/funcionarios/index.html.erb:
22:     <td><%=h funcionario.telefone %></td>
23:     <td><%=h funcionario.data_entrada %></td>
24:     <td><%=h funcionario.status %></td>
25:     <td><%=h funcionario.cargo.nome %></td>
26:     <td><%=h funcionario.cidade.nome %></td>
27:     <td><%= link_to 'Show', funcionario %></td>
28:     <td><%= link_to 'Edit', edit_funcionario_path(funcionario) %></td>

    app/views/funcionarios/index.html.erb:25:in `block in _run_erb_app47views47funcionarios47index46html46erb'
    app/views/funcionarios/index.html.erb:16:in `each'
    app/views/funcionarios/index.html.erb:16
    app/controllers/funcionarios_controller.rb:10:in `index'
    warden (0.10.7) lib/warden/manager.rb:35:in `block in call'
    warden (0.10.7) lib/warden/manager.rb:34:in `catch'
    warden (0.10.7) lib/warden/manager.rb:34:in `call'
    <internal:prelude>:10:in `synchronize'
    /Users/wendell/.rvm/rubies/ruby-1.9.2-p320/lib/ruby/1.9.1/webrick/httpserver.rb:111:in `service'
    /Users/wendell/.rvm/rubies/ruby-1.9.2-p320/lib/ruby/1.9.1/webrick/httpserver.rb:70:in `run'
    /Users/wendell/.rvm/rubies/ruby-1.9.2-p320/lib/ruby/1.9.1/webrick/server.rb:183:in `block in start_thread'

Rendering rescues/layout (internal_server_error)


Processing HomeController#index (for 127.0.0.1 at 2013-05-02 15:36:27) [GET]
Rendering template within layouts/application
Rendering home/index
Completed in 55ms (View: 13, DB: 37) | 200 OK [http://127.0.0.1/]


Processing FuncionariosController#index (for 127.0.0.1 at 2013-05-02 15:36:33) [GET]
Rendering template within layouts/application
Rendering funcionarios/index

ActionView::TemplateError (undefined method `nome' for nil:NilClass) on line #25 of app/views/funcionarios/index.html.erb:
22:     <td><%=h funcionario.telefone %></td>
23:     <td><%=h funcionario.data_entrada %></td>
24:     <td><%=h funcionario.status %></td>
25:     <td><%=h funcionario.cargo.nome %></td>
26:     <td><%=h funcionario.cidade.nome %></td>
27:     <td><%= link_to 'Show', funcionario %></td>
28:     <td><%= link_to 'Edit', edit_funcionario_path(funcionario) %></td>

    app/views/funcionarios/index.html.erb:25:in `block in _run_erb_app47views47funcionarios47index46html46erb'
    app/views/funcionarios/index.html.erb:16:in `each'
    app/views/funcionarios/index.html.erb:16
    app/controllers/funcionarios_controller.rb:10:in `index'
    warden (0.10.7) lib/warden/manager.rb:35:in `block in call'
    warden (0.10.7) lib/warden/manager.rb:34:in `catch'
    warden (0.10.7) lib/warden/manager.rb:34:in `call'
    <internal:prelude>:10:in `synchronize'
    /Users/wendell/.rvm/rubies/ruby-1.9.2-p320/lib/ruby/1.9.1/webrick/httpserver.rb:111:in `service'
    /Users/wendell/.rvm/rubies/ruby-1.9.2-p320/lib/ruby/1.9.1/webrick/httpserver.rb:70:in `run'
    /Users/wendell/.rvm/rubies/ruby-1.9.2-p320/lib/ruby/1.9.1/webrick/server.rb:183:in `block in start_thread'

Rendering rescues/layout (internal_server_error)


Processing CargosController#index (for 127.0.0.1 at 2013-05-02 15:37:29) [GET]
Rendering template within layouts/application
Rendering cargos/index
Completed in 8ms (View: 3, DB: 2) | 200 OK [http://127.0.0.1/cargos]


Processing CargosController#new (for 127.0.0.1 at 2013-05-02 15:37:31) [GET]
Rendering template within layouts/application
Rendering cargos/new
Completed in 8ms (View: 5, DB: 1) | 200 OK [http://127.0.0.1/cargos/new]


Processing CargosController#create (for 127.0.0.1 at 2013-05-02 15:37:37) [POST]
  Parameters: {"authenticity_token"=>"peDHc9z+ZjJh82bHTJPCcPjWX0ZwYC+W08xbFOhuw+c=", "cargo"=>{"nome"=>"Analista"}, "commit"=>"Novo"}
Redirected to http://127.0.0.1:3000/cargos/1
Completed in 29ms (DB: 25) | 302 Found [http://127.0.0.1/cargos]


Processing CargosController#show (for 127.0.0.1 at 2013-05-02 15:37:37) [GET]
  Parameters: {"id"=>"1"}
Rendering template within layouts/application
Rendering cargos/show
Completed in 4ms (View: 2, DB: 1) | 200 OK [http://127.0.0.1/cargos/1]


Processing FuncionariosController#index (for 127.0.0.1 at 2013-05-02 15:37:40) [GET]
Rendering template within layouts/application
Rendering funcionarios/index

ActionView::TemplateError (undefined method `nome' for nil:NilClass) on line #25 of app/views/funcionarios/index.html.erb:
22:     <td><%=h funcionario.telefone %></td>
23:     <td><%=h funcionario.data_entrada %></td>
24:     <td><%=h funcionario.status %></td>
25:     <td><%=h funcionario.cargo.nome %></td>
26:     <td><%=h funcionario.cidade.nome %></td>
27:     <td><%= link_to 'Show', funcionario %></td>
28:     <td><%= link_to 'Edit', edit_funcionario_path(funcionario) %></td>

    app/views/funcionarios/index.html.erb:25:in `block in _run_erb_app47views47funcionarios47index46html46erb'
    app/views/funcionarios/index.html.erb:16:in `each'
    app/views/funcionarios/index.html.erb:16
    app/controllers/funcionarios_controller.rb:10:in `index'
    warden (0.10.7) lib/warden/manager.rb:35:in `block in call'
    warden (0.10.7) lib/warden/manager.rb:34:in `catch'
    warden (0.10.7) lib/warden/manager.rb:34:in `call'
    <internal:prelude>:10:in `synchronize'
    /Users/wendell/.rvm/rubies/ruby-1.9.2-p320/lib/ruby/1.9.1/webrick/httpserver.rb:111:in `service'
    /Users/wendell/.rvm/rubies/ruby-1.9.2-p320/lib/ruby/1.9.1/webrick/httpserver.rb:70:in `run'
    /Users/wendell/.rvm/rubies/ruby-1.9.2-p320/lib/ruby/1.9.1/webrick/server.rb:183:in `block in start_thread'

Rendering rescues/layout (internal_server_error)


Processing FuncionariosController#index (for 127.0.0.1 at 2013-05-02 15:38:10) [GET]
Rendering template within layouts/application
Rendering funcionarios/index

ActionView::TemplateError (undefined method `nome' for nil:NilClass) on line #25 of app/views/funcionarios/index.html.erb:
22:     <td><%=h funcionario.telefone %></td>
23:     <td><%=h funcionario.data_entrada %></td>
24:     <td><%=h funcionario.status %></td>
25:     <td><%=h funcionario.cargo.nome %></td>
26:     <td><%=h funcionario.cidade.nome %></td>
27:     <td><%= link_to 'Show', funcionario %></td>
28:     <td><%= link_to 'Edit', edit_funcionario_path(funcionario) %></td>

    app/views/funcionarios/index.html.erb:25:in `block in _run_erb_app47views47funcionarios47index46html46erb'
    app/views/funcionarios/index.html.erb:16:in `each'
    app/views/funcionarios/index.html.erb:16
    app/controllers/funcionarios_controller.rb:10:in `index'
    warden (0.10.7) lib/warden/manager.rb:35:in `block in call'
    warden (0.10.7) lib/warden/manager.rb:34:in `catch'
    warden (0.10.7) lib/warden/manager.rb:34:in `call'
    <internal:prelude>:10:in `synchronize'
    /Users/wendell/.rvm/rubies/ruby-1.9.2-p320/lib/ruby/1.9.1/webrick/httpserver.rb:111:in `service'
    /Users/wendell/.rvm/rubies/ruby-1.9.2-p320/lib/ruby/1.9.1/webrick/httpserver.rb:70:in `run'
    /Users/wendell/.rvm/rubies/ruby-1.9.2-p320/lib/ruby/1.9.1/webrick/server.rb:183:in `block in start_thread'

Rendering rescues/layout (internal_server_error)


Processing FuncionariosController#index (for 127.0.0.1 at 2013-05-02 15:38:19) [GET]
Rendering template within layouts/application
Rendering funcionarios/index

ActionView::TemplateError (undefined method `nome' for nil:NilClass) on line #25 of app/views/funcionarios/index.html.erb:
22:     <td><%=h funcionario.telefone %></td>
23:     <td><%=h funcionario.data_entrada %></td>
24:     <td><%=h funcionario.status %></td>
25:     <td><%=h funcionario.cargo.nome %></td>
26:     <td><%=h funcionario.cidade.nome %></td>
27:     <td><%= link_to 'Show', funcionario %></td>
28:     <td><%= link_to 'Edit', edit_funcionario_path(funcionario) %></td>

    app/views/funcionarios/index.html.erb:25:in `block in _run_erb_app47views47funcionarios47index46html46erb'
    app/views/funcionarios/index.html.erb:16:in `each'
    app/views/funcionarios/index.html.erb:16
    app/controllers/funcionarios_controller.rb:10:in `index'
    warden (0.10.7) lib/warden/manager.rb:35:in `block in call'
    warden (0.10.7) lib/warden/manager.rb:34:in `catch'
    warden (0.10.7) lib/warden/manager.rb:34:in `call'
    <internal:prelude>:10:in `synchronize'
    /Users/wendell/.rvm/rubies/ruby-1.9.2-p320/lib/ruby/1.9.1/webrick/httpserver.rb:111:in `service'
    /Users/wendell/.rvm/rubies/ruby-1.9.2-p320/lib/ruby/1.9.1/webrick/httpserver.rb:70:in `run'
    /Users/wendell/.rvm/rubies/ruby-1.9.2-p320/lib/ruby/1.9.1/webrick/server.rb:183:in `block in start_thread'

Rendering rescues/layout (internal_server_error)


Processing FornecedoresController#index (for 127.0.0.1 at 2013-05-02 15:38:26) [GET]
Rendering template within layouts/application
Rendering fornecedores/index
Completed in 15ms (View: 10, DB: 1) | 200 OK [http://127.0.0.1/fornecedores]


Processing FuncionariosController#index (for 127.0.0.1 at 2013-05-02 15:38:28) [GET]
Rendering template within layouts/application
Rendering funcionarios/index

ActionView::TemplateError (undefined method `nome' for nil:NilClass) on line #25 of app/views/funcionarios/index.html.erb:
22:     <td><%=h funcionario.telefone %></td>
23:     <td><%=h funcionario.data_entrada %></td>
24:     <td><%=h funcionario.status %></td>
25:     <td><%=h funcionario.cargo.nome %></td>
26:     <td><%=h funcionario.cidade.nome %></td>
27:     <td><%= link_to 'Show', funcionario %></td>
28:     <td><%= link_to 'Edit', edit_funcionario_path(funcionario) %></td>

    app/views/funcionarios/index.html.erb:25:in `block in _run_erb_app47views47funcionarios47index46html46erb'
    app/views/funcionarios/index.html.erb:16:in `each'
    app/views/funcionarios/index.html.erb:16
    app/controllers/funcionarios_controller.rb:10:in `index'
    warden (0.10.7) lib/warden/manager.rb:35:in `block in call'
    warden (0.10.7) lib/warden/manager.rb:34:in `catch'
    warden (0.10.7) lib/warden/manager.rb:34:in `call'
    <internal:prelude>:10:in `synchronize'
    /Users/wendell/.rvm/rubies/ruby-1.9.2-p320/lib/ruby/1.9.1/webrick/httpserver.rb:111:in `service'
    /Users/wendell/.rvm/rubies/ruby-1.9.2-p320/lib/ruby/1.9.1/webrick/httpserver.rb:70:in `run'
    /Users/wendell/.rvm/rubies/ruby-1.9.2-p320/lib/ruby/1.9.1/webrick/server.rb:183:in `block in start_thread'

Rendering rescues/layout (internal_server_error)


Processing FuncionariosController#index (for 127.0.0.1 at 2013-05-02 15:41:24) [GET]
Rendering template within layouts/application
Rendering funcionarios/index

ActionView::TemplateError (undefined method `nome' for nil:NilClass) on line #25 of app/views/funcionarios/index.html.erb:
22:     <td><%=h funcionario.telefone %></td>
23:     <td><%=h funcionario.data_entrada %></td>
24:     <td><%=h funcionario.status %></td>
25:     <td><%=h funcionario.cargo.nome %></td>
26:     <td><%=h funcionario.cidade.nome %></td>
27:     <td><%= link_to 'Show', funcionario %></td>
28:     <td><%= link_to 'Edit', edit_funcionario_path(funcionario) %></td>

    app/views/funcionarios/index.html.erb:25:in `block in _run_erb_app47views47funcionarios47index46html46erb'
    app/views/funcionarios/index.html.erb:16:in `each'
    app/views/funcionarios/index.html.erb:16
    app/controllers/funcionarios_controller.rb:10:in `index'
    warden (0.10.7) lib/warden/manager.rb:35:in `block in call'
    warden (0.10.7) lib/warden/manager.rb:34:in `catch'
    warden (0.10.7) lib/warden/manager.rb:34:in `call'
    <internal:prelude>:10:in `synchronize'
    /Users/wendell/.rvm/rubies/ruby-1.9.2-p320/lib/ruby/1.9.1/webrick/httpserver.rb:111:in `service'
    /Users/wendell/.rvm/rubies/ruby-1.9.2-p320/lib/ruby/1.9.1/webrick/httpserver.rb:70:in `run'
    /Users/wendell/.rvm/rubies/ruby-1.9.2-p320/lib/ruby/1.9.1/webrick/server.rb:183:in `block in start_thread'

Rendering rescues/layout (internal_server_error)


Processing FuncionariosController#index (for 127.0.0.1 at 2013-05-02 15:41:28) [GET]
Rendering template within layouts/application
Rendering funcionarios/index

ActionView::TemplateError (undefined method `nome' for nil:NilClass) on line #25 of app/views/funcionarios/index.html.erb:
22:     <td><%=h funcionario.telefone %></td>
23:     <td><%=h funcionario.data_entrada %></td>
24:     <td><%=h funcionario.status %></td>
25:     <td><%=h funcionario.cargo.nome %></td>
26:     <td><%=h funcionario.cidade.nome %></td>
27:     <td><%= link_to 'Show', funcionario %></td>
28:     <td><%= link_to 'Edit', edit_funcionario_path(funcionario) %></td>

    app/views/funcionarios/index.html.erb:25:in `block in _run_erb_app47views47funcionarios47index46html46erb'
    app/views/funcionarios/index.html.erb:16:in `each'
    app/views/funcionarios/index.html.erb:16
    app/controllers/funcionarios_controller.rb:10:in `index'
    warden (0.10.7) lib/warden/manager.rb:35:in `block in call'
    warden (0.10.7) lib/warden/manager.rb:34:in `catch'
    warden (0.10.7) lib/warden/manager.rb:34:in `call'
    <internal:prelude>:10:in `synchronize'
    /Users/wendell/.rvm/rubies/ruby-1.9.2-p320/lib/ruby/1.9.1/webrick/httpserver.rb:111:in `service'
    /Users/wendell/.rvm/rubies/ruby-1.9.2-p320/lib/ruby/1.9.1/webrick/httpserver.rb:70:in `run'
    /Users/wendell/.rvm/rubies/ruby-1.9.2-p320/lib/ruby/1.9.1/webrick/server.rb:183:in `block in start_thread'

Rendering rescues/layout (internal_server_error)


Processing FuncionariosController#index (for 127.0.0.1 at 2013-05-02 15:45:59) [GET]
Rendering template within layouts/application
Rendering funcionarios/index

ActionView::TemplateError (/Users/wendell/kendell/app/views/funcionarios/index.html.erb:18: syntax error, unexpected ')', expecting ':'
...nario.nome ? funcionario.nome ).to_s); @output_buffer.concat...
...                               ^) on line #18 of app/views/funcionarios/index.html.erb:
15: 
16: <% @funcionarios.each do |funcionario| %>
17:   <tr>
18:     <td><%=h funcionario.nome ? funcionario.nome %></td>
19:     <td><%=h funcionario.login %></td>
20:     <td><%=h funcionario.senha %></td>
21:     <td><%=h funcionario.endereco %></td>

    app/controllers/funcionarios_controller.rb:10:in `index'
    warden (0.10.7) lib/warden/manager.rb:35:in `block in call'
    warden (0.10.7) lib/warden/manager.rb:34:in `catch'
    warden (0.10.7) lib/warden/manager.rb:34:in `call'
    <internal:prelude>:10:in `synchronize'
    /Users/wendell/.rvm/rubies/ruby-1.9.2-p320/lib/ruby/1.9.1/webrick/httpserver.rb:111:in `service'
    /Users/wendell/.rvm/rubies/ruby-1.9.2-p320/lib/ruby/1.9.1/webrick/httpserver.rb:70:in `run'
    /Users/wendell/.rvm/rubies/ruby-1.9.2-p320/lib/ruby/1.9.1/webrick/server.rb:183:in `block in start_thread'

Rendering rescues/layout (internal_server_error)


Processing FuncionariosController#index (for 127.0.0.1 at 2013-05-02 15:51:42) [GET]
Rendering template within layouts/application
Rendering funcionarios/index

ActionView::TemplateError (wrong number of arguments (0 for 1)) on line #16 of app/views/funcionarios/index.html.erb:
13:     <th>Cidade</th>
14:   </tr>
15: 
16: <% @funcionarios.each do |funcionario| t  %>
17:   <tr>
18:     <td><%=h funcionario.nome if funcionario %></td>
19:     <td><%=h funcionario.login %></td>

    app/views/funcionarios/index.html.erb:16:in `block in _run_erb_app47views47funcionarios47index46html46erb'
    app/views/funcionarios/index.html.erb:16:in `each'
    app/views/funcionarios/index.html.erb:16
    app/controllers/funcionarios_controller.rb:10:in `index'
    warden (0.10.7) lib/warden/manager.rb:35:in `block in call'
    warden (0.10.7) lib/warden/manager.rb:34:in `catch'
    warden (0.10.7) lib/warden/manager.rb:34:in `call'
    <internal:prelude>:10:in `synchronize'
    /Users/wendell/.rvm/rubies/ruby-1.9.2-p320/lib/ruby/1.9.1/webrick/httpserver.rb:111:in `service'
    /Users/wendell/.rvm/rubies/ruby-1.9.2-p320/lib/ruby/1.9.1/webrick/httpserver.rb:70:in `run'
    /Users/wendell/.rvm/rubies/ruby-1.9.2-p320/lib/ruby/1.9.1/webrick/server.rb:183:in `block in start_thread'

Rendering rescues/layout (internal_server_error)


Processing FuncionariosController#index (for 127.0.0.1 at 2013-05-02 15:52:14) [GET]
Rendering template within layouts/application
Rendering funcionarios/index

ActionView::TemplateError (wrong number of arguments (0 for 1)) on line #16 of app/views/funcionarios/index.html.erb:
13:     <th>Cidade</th>
14:   </tr>
15: 
16: <% @funcionarios.each do |funcionario| t  %>
17:   <tr>
18:     <td><%=h funcionario.nome if funcionario.nome %></td>
19:     <td><%=h funcionario.login %></td>

    app/views/funcionarios/index.html.erb:16:in `block in _run_erb_app47views47funcionarios47index46html46erb'
    app/views/funcionarios/index.html.erb:16:in `each'
    app/views/funcionarios/index.html.erb:16
    app/controllers/funcionarios_controller.rb:10:in `index'
    warden (0.10.7) lib/warden/manager.rb:35:in `block in call'
    warden (0.10.7) lib/warden/manager.rb:34:in `catch'
    warden (0.10.7) lib/warden/manager.rb:34:in `call'
    <internal:prelude>:10:in `synchronize'
    /Users/wendell/.rvm/rubies/ruby-1.9.2-p320/lib/ruby/1.9.1/webrick/httpserver.rb:111:in `service'
    /Users/wendell/.rvm/rubies/ruby-1.9.2-p320/lib/ruby/1.9.1/webrick/httpserver.rb:70:in `run'
    /Users/wendell/.rvm/rubies/ruby-1.9.2-p320/lib/ruby/1.9.1/webrick/server.rb:183:in `block in start_thread'

Rendering rescues/layout (internal_server_error)


Processing FuncionariosController#index (for 127.0.0.1 at 2013-05-02 15:52:35) [GET]
Rendering template within layouts/application
Rendering funcionarios/index

ActionView::TemplateError (undefined method `nome' for nil:NilClass) on line #25 of app/views/funcionarios/index.html.erb:
22:     <td><%=h funcionario.telefone %></td>
23:     <td><%=h funcionario.data_entrada %></td>
24:     <td><%=h funcionario.status %></td>
25:     <td><%=h funcionario.cargo.nome %></td>
26:     <td><%=h funcionario.cidade.nome %></td>
27:     <td><%= link_to 'Show', funcionario %></td>
28:     <td><%= link_to 'Edit', edit_funcionario_path(funcionario) %></td>

    app/views/funcionarios/index.html.erb:25:in `block in _run_erb_app47views47funcionarios47index46html46erb'
    app/views/funcionarios/index.html.erb:16:in `each'
    app/views/funcionarios/index.html.erb:16
    app/controllers/funcionarios_controller.rb:10:in `index'
    warden (0.10.7) lib/warden/manager.rb:35:in `block in call'
    warden (0.10.7) lib/warden/manager.rb:34:in `catch'
    warden (0.10.7) lib/warden/manager.rb:34:in `call'
    <internal:prelude>:10:in `synchronize'
    /Users/wendell/.rvm/rubies/ruby-1.9.2-p320/lib/ruby/1.9.1/webrick/httpserver.rb:111:in `service'
    /Users/wendell/.rvm/rubies/ruby-1.9.2-p320/lib/ruby/1.9.1/webrick/httpserver.rb:70:in `run'
    /Users/wendell/.rvm/rubies/ruby-1.9.2-p320/lib/ruby/1.9.1/webrick/server.rb:183:in `block in start_thread'

Rendering rescues/layout (internal_server_error)


Processing FuncionariosController#index (for 127.0.0.1 at 2013-05-02 15:53:12) [GET]
Rendering template within layouts/application
Rendering funcionarios/index

ActionView::TemplateError (undefined method `nome' for nil:NilClass) on line #25 of app/views/funcionarios/index.html.erb:
22:     <td><%=h funcionario.telefone %></td>
23:     <td><%=h funcionario.data_entrada %></td>
24:     <td><%=h funcionario.status %></td>
25:     <td><%=h funcionario.cargo.nome if funcionario.nome %></td>
26:     <td><%=h funcionario.cidade.nome %></td>
27:     <td><%= link_to 'Show', funcionario %></td>
28:     <td><%= link_to 'Edit', edit_funcionario_path(funcionario) %></td>

    app/views/funcionarios/index.html.erb:25:in `block in _run_erb_app47views47funcionarios47index46html46erb'
    app/views/funcionarios/index.html.erb:16:in `each'
    app/views/funcionarios/index.html.erb:16
    app/controllers/funcionarios_controller.rb:10:in `index'
    warden (0.10.7) lib/warden/manager.rb:35:in `block in call'
    warden (0.10.7) lib/warden/manager.rb:34:in `catch'
    warden (0.10.7) lib/warden/manager.rb:34:in `call'
    <internal:prelude>:10:in `synchronize'
    /Users/wendell/.rvm/rubies/ruby-1.9.2-p320/lib/ruby/1.9.1/webrick/httpserver.rb:111:in `service'
    /Users/wendell/.rvm/rubies/ruby-1.9.2-p320/lib/ruby/1.9.1/webrick/httpserver.rb:70:in `run'
    /Users/wendell/.rvm/rubies/ruby-1.9.2-p320/lib/ruby/1.9.1/webrick/server.rb:183:in `block in start_thread'

Rendering rescues/layout (internal_server_error)


Processing FuncionariosController#index (for 127.0.0.1 at 2013-05-02 15:53:27) [GET]
Rendering template within layouts/application
Rendering funcionarios/index

ActionView::TemplateError (undefined method `nome' for nil:NilClass) on line #25 of app/views/funcionarios/index.html.erb:
22:     <td><%=h funcionario.telefone %></td>
23:     <td><%=h funcionario.data_entrada %></td>
24:     <td><%=h funcionario.status %></td>
25:     <td><%=h funcionario.cargo.nome if funcionario %></td>
26:     <td><%=h funcionario.cidade.nome %></td>
27:     <td><%= link_to 'Show', funcionario %></td>
28:     <td><%= link_to 'Edit', edit_funcionario_path(funcionario) %></td>

    app/views/funcionarios/index.html.erb:25:in `block in _run_erb_app47views47funcionarios47index46html46erb'
    app/views/funcionarios/index.html.erb:16:in `each'
    app/views/funcionarios/index.html.erb:16
    app/controllers/funcionarios_controller.rb:10:in `index'
    warden (0.10.7) lib/warden/manager.rb:35:in `block in call'
    warden (0.10.7) lib/warden/manager.rb:34:in `catch'
    warden (0.10.7) lib/warden/manager.rb:34:in `call'
    <internal:prelude>:10:in `synchronize'
    /Users/wendell/.rvm/rubies/ruby-1.9.2-p320/lib/ruby/1.9.1/webrick/httpserver.rb:111:in `service'
    /Users/wendell/.rvm/rubies/ruby-1.9.2-p320/lib/ruby/1.9.1/webrick/httpserver.rb:70:in `run'
    /Users/wendell/.rvm/rubies/ruby-1.9.2-p320/lib/ruby/1.9.1/webrick/server.rb:183:in `block in start_thread'

Rendering rescues/layout (internal_server_error)


Processing FuncionariosController#index (for 127.0.0.1 at 2013-05-02 15:54:40) [GET]
Rendering template within layouts/application
Rendering funcionarios/index

ActionView::TemplateError (/Users/wendell/kendell/app/views/funcionarios/index.html.erb:25: syntax error, unexpected ':'
...ome if funcionario.cargo.nome : funcionario.nome  ).to_s); @...
...                               ^) on line #25 of app/views/funcionarios/index.html.erb:
22:     <td><%=h funcionario.telefone %></td>
23:     <td><%=h funcionario.data_entrada %></td>
24:     <td><%=h funcionario.status %></td>
25:     <td><%=h funcionario.cargo.nome if funcionario.cargo.nome : funcionario.nome  %></td>
26:     <td><%=h funcionario.cidade.nome %></td>
27:     <td><%= link_to 'Show', funcionario %></td>
28:     <td><%= link_to 'Edit', edit_funcionario_path(funcionario) %></td>

    app/controllers/funcionarios_controller.rb:10:in `index'
    warden (0.10.7) lib/warden/manager.rb:35:in `block in call'
    warden (0.10.7) lib/warden/manager.rb:34:in `catch'
    warden (0.10.7) lib/warden/manager.rb:34:in `call'
    <internal:prelude>:10:in `synchronize'
    /Users/wendell/.rvm/rubies/ruby-1.9.2-p320/lib/ruby/1.9.1/webrick/httpserver.rb:111:in `service'
    /Users/wendell/.rvm/rubies/ruby-1.9.2-p320/lib/ruby/1.9.1/webrick/httpserver.rb:70:in `run'
    /Users/wendell/.rvm/rubies/ruby-1.9.2-p320/lib/ruby/1.9.1/webrick/server.rb:183:in `block in start_thread'

Rendering rescues/layout (internal_server_error)


Processing FuncionariosController#index (for 127.0.0.1 at 2013-05-02 15:55:16) [GET]
Rendering template within layouts/application
Rendering funcionarios/index

ActionView::TemplateError (undefined method `nome' for nil:NilClass) on line #25 of app/views/funcionarios/index.html.erb:
22:     <td><%=h funcionario.telefone %></td>
23:     <td><%=h funcionario.data_entrada %></td>
24:     <td><%=h funcionario.status %></td>
25:     <td><%=h funcionario.cargo.nome if funcionario.cargo.nome funcionario.nome  %></td>
26:     <td><%=h funcionario.cidade.nome %></td>
27:     <td><%= link_to 'Show', funcionario %></td>
28:     <td><%= link_to 'Edit', edit_funcionario_path(funcionario) %></td>

    app/views/funcionarios/index.html.erb:25:in `block in _run_erb_app47views47funcionarios47index46html46erb'
    app/views/funcionarios/index.html.erb:16:in `each'
    app/views/funcionarios/index.html.erb:16
    app/controllers/funcionarios_controller.rb:10:in `index'
    warden (0.10.7) lib/warden/manager.rb:35:in `block in call'
    warden (0.10.7) lib/warden/manager.rb:34:in `catch'
    warden (0.10.7) lib/warden/manager.rb:34:in `call'
    <internal:prelude>:10:in `synchronize'
    /Users/wendell/.rvm/rubies/ruby-1.9.2-p320/lib/ruby/1.9.1/webrick/httpserver.rb:111:in `service'
    /Users/wendell/.rvm/rubies/ruby-1.9.2-p320/lib/ruby/1.9.1/webrick/httpserver.rb:70:in `run'
    /Users/wendell/.rvm/rubies/ruby-1.9.2-p320/lib/ruby/1.9.1/webrick/server.rb:183:in `block in start_thread'

Rendering rescues/layout (internal_server_error)


Processing FuncionariosController#index (for 127.0.0.1 at 2013-05-02 15:56:39) [GET]
Rendering template within layouts/application
Rendering funcionarios/index

ActionView::TemplateError (/Users/wendell/kendell/app/views/funcionarios/index.html.erb:25: syntax error, unexpected ':'
...ome if funcionario.cargo.nome : funcionario.nome  ).to_s); @...
...                               ^) on line #25 of app/views/funcionarios/index.html.erb:
22:     <td><%=h funcionario.telefone %></td>
23:     <td><%=h funcionario.data_entrada %></td>
24:     <td><%=h funcionario.status %></td>
25:     <td><%=h funcionario.nome if funcionario.cargo.nome : funcionario.nome  %></td>
26:     <td><%=h funcionario.cidade.nome %></td>
27:     <td><%= link_to 'Show', funcionario %></td>
28:     <td><%= link_to 'Edit', edit_funcionario_path(funcionario) %></td>

    app/controllers/funcionarios_controller.rb:10:in `index'
    warden (0.10.7) lib/warden/manager.rb:35:in `block in call'
    warden (0.10.7) lib/warden/manager.rb:34:in `catch'
    warden (0.10.7) lib/warden/manager.rb:34:in `call'
    <internal:prelude>:10:in `synchronize'
    /Users/wendell/.rvm/rubies/ruby-1.9.2-p320/lib/ruby/1.9.1/webrick/httpserver.rb:111:in `service'
    /Users/wendell/.rvm/rubies/ruby-1.9.2-p320/lib/ruby/1.9.1/webrick/httpserver.rb:70:in `run'
    /Users/wendell/.rvm/rubies/ruby-1.9.2-p320/lib/ruby/1.9.1/webrick/server.rb:183:in `block in start_thread'

Rendering rescues/layout (internal_server_error)


Processing FuncionariosController#index (for 127.0.0.1 at 2013-05-02 16:01:17) [GET]
Rendering template within layouts/application
Rendering funcionarios/index

ActionView::TemplateError (undefined method `nome' for nil:NilClass) on line #26 of app/views/funcionarios/index.html.erb:
23:     <td><%=h funcionario.data_entrada %></td>
24:     <td><%=h funcionario.status %></td>
25:     <td><%=h funcionario.cargo.nome if funcionario.cargo %></td>
26:     <td><%=h funcionario.cidade.nome %></td>
27:     <td><%= link_to 'Show', funcionario %></td>
28:     <td><%= link_to 'Edit', edit_funcionario_path(funcionario) %></td>
29:     <td><%= link_to 'Destroy', funcionario, :confirm => 'Are you sure?', :method => :delete %></td>

    app/views/funcionarios/index.html.erb:26:in `block in _run_erb_app47views47funcionarios47index46html46erb'
    app/views/funcionarios/index.html.erb:16:in `each'
    app/views/funcionarios/index.html.erb:16
    app/controllers/funcionarios_controller.rb:10:in `index'
    warden (0.10.7) lib/warden/manager.rb:35:in `block in call'
    warden (0.10.7) lib/warden/manager.rb:34:in `catch'
    warden (0.10.7) lib/warden/manager.rb:34:in `call'
    <internal:prelude>:10:in `synchronize'
    /Users/wendell/.rvm/rubies/ruby-1.9.2-p320/lib/ruby/1.9.1/webrick/httpserver.rb:111:in `service'
    /Users/wendell/.rvm/rubies/ruby-1.9.2-p320/lib/ruby/1.9.1/webrick/httpserver.rb:70:in `run'
    /Users/wendell/.rvm/rubies/ruby-1.9.2-p320/lib/ruby/1.9.1/webrick/server.rb:183:in `block in start_thread'

Rendering rescues/layout (internal_server_error)


Processing FuncionariosController#index (for 127.0.0.1 at 2013-05-02 16:02:22) [GET]
Rendering template within layouts/application
Rendering funcionarios/index
Completed in 42ms (View: 30, DB: 6) | 200 OK [http://127.0.0.1/funcionarios]


Processing FornecedoresController#index (for 127.0.0.1 at 2013-05-02 16:02:36) [GET]
Rendering template within layouts/application
Rendering fornecedores/index
Completed in 36ms (View: 30, DB: 1) | 200 OK [http://127.0.0.1/fornecedores]


Processing FuncionariosController#index (for 127.0.0.1 at 2013-05-02 16:02:40) [GET]
Rendering template within layouts/application
Rendering funcionarios/index
Completed in 10ms (View: 6, DB: 1) | 200 OK [http://127.0.0.1/funcionarios]


Processing FuncionariosController#index (for 127.0.0.1 at 2013-05-02 16:06:01) [GET]
Rendering template within layouts/application
Rendering funcionarios/index

ActionView::TemplateError (/Users/wendell/kendell/app/views/funcionarios/index.html.erb:24: syntax error, unexpected ':', expecting ')'
... if funcionario.status="true" : funcionario.status="false")....
...                               ^) on line #24 of app/views/funcionarios/index.html.erb:
21:     <td><%=h funcionario.endereco %></td>
22:     <td><%=h funcionario.telefone %></td>
23:     <td><%=h funcionario.data_entrada %></td>
24:     <td><%=h "Ativo" if funcionario.status="true" : funcionario.status="false"%></td>
25:     <td><%=h funcionario.cargo.nome if funcionario.cargo %></td>
26:     <td><%=h funcionario.cidade.nome if funcionario.cidade %></td>
27:     <td><%= link_to 'Show', funcionario %></td>

    app/controllers/funcionarios_controller.rb:10:in `index'
    warden (0.10.7) lib/warden/manager.rb:35:in `block in call'
    warden (0.10.7) lib/warden/manager.rb:34:in `catch'
    warden (0.10.7) lib/warden/manager.rb:34:in `call'
    <internal:prelude>:10:in `synchronize'
    /Users/wendell/.rvm/rubies/ruby-1.9.2-p320/lib/ruby/1.9.1/webrick/httpserver.rb:111:in `service'
    /Users/wendell/.rvm/rubies/ruby-1.9.2-p320/lib/ruby/1.9.1/webrick/httpserver.rb:70:in `run'
    /Users/wendell/.rvm/rubies/ruby-1.9.2-p320/lib/ruby/1.9.1/webrick/server.rb:183:in `block in start_thread'

Rendering rescues/layout (internal_server_error)


Processing FuncionariosController#index (for 127.0.0.1 at 2013-05-02 16:10:24) [GET]
Rendering template within layouts/application
Rendering funcionarios/index

ActionView::TemplateError (/Users/wendell/kendell/app/views/funcionarios/index.html.erb:24: syntax error, unexpected ':', expecting ')'
... if funcionario.status="true" : "false").to_s); @output_buff...
...                               ^) on line #24 of app/views/funcionarios/index.html.erb:
21:     <td><%=h funcionario.endereco %></td>
22:     <td><%=h funcionario.telefone %></td>
23:     <td><%=h funcionario.data_entrada %></td>
24:     <td><%=h "Ativo" if funcionario.status="true" : "false"%></td>
25:     <td><%=h funcionario.cargo.nome if funcionario.cargo %></td>
26:     <td><%=h funcionario.cidade.nome if funcionario.cidade %></td>
27:     <td><%= link_to 'Show', funcionario %></td>

    app/controllers/funcionarios_controller.rb:10:in `index'
    warden (0.10.7) lib/warden/manager.rb:35:in `block in call'
    warden (0.10.7) lib/warden/manager.rb:34:in `catch'
    warden (0.10.7) lib/warden/manager.rb:34:in `call'
    <internal:prelude>:10:in `synchronize'
    /Users/wendell/.rvm/rubies/ruby-1.9.2-p320/lib/ruby/1.9.1/webrick/httpserver.rb:111:in `service'
    /Users/wendell/.rvm/rubies/ruby-1.9.2-p320/lib/ruby/1.9.1/webrick/httpserver.rb:70:in `run'
    /Users/wendell/.rvm/rubies/ruby-1.9.2-p320/lib/ruby/1.9.1/webrick/server.rb:183:in `block in start_thread'

Rendering rescues/layout (internal_server_error)
